{"C:\\Users\\Lukas\\Node\\WhatMyBossThinksIDo\\src\\Toggle.js":{"path":"C:\\Users\\Lukas\\Node\\WhatMyBossThinksIDo\\src\\Toggle.js","s":{"1":1,"2":1,"3":1,"4":1,"5":1,"6":1,"7":1,"8":1,"9":1,"10":1,"11":1,"12":1,"13":12,"14":10,"15":12,"16":12,"17":12,"18":1,"19":1,"20":6,"21":12,"22":3,"23":2,"24":4,"25":2,"26":1,"27":12,"28":12,"29":1,"30":2,"31":1,"32":10,"33":10,"34":1,"35":10,"36":8,"37":8,"38":1,"39":4,"40":1,"41":1,"42":1},"b":{"1":[1,1],"2":[1,1],"3":[10,2],"4":[2,1],"5":[2,2]},"f":{"1":1,"2":1,"3":1,"4":12,"5":1,"6":1,"7":6,"8":3,"9":4,"10":1,"11":2,"12":10,"13":10,"14":4},"fnMap":{"1":{"name":"(anonymous_1)","line":3,"loc":{"start":{"line":3,"column":1},"end":{"line":3,"column":25}}},"2":{"name":"(anonymous_2)","line":9,"loc":{"start":{"line":9,"column":1},"end":{"line":9,"column":26}}},"3":{"name":"(anonymous_3)","line":14,"loc":{"start":{"line":14,"column":14},"end":{"line":14,"column":26}}},"4":{"name":"Toggle","line":15,"loc":{"start":{"line":15,"column":4},"end":{"line":15,"column":34}}},"5":{"name":"(anonymous_5)","line":21,"loc":{"start":{"line":21,"column":25},"end":{"line":21,"column":42}}},"6":{"name":"(anonymous_6)","line":26,"loc":{"start":{"line":26,"column":25},"end":{"line":26,"column":42}}},"7":{"name":"(anonymous_7)","line":31,"loc":{"start":{"line":31,"column":25},"end":{"line":31,"column":42}}},"8":{"name":"(anonymous_8)","line":38,"loc":{"start":{"line":38,"column":24},"end":{"line":38,"column":41}}},"9":{"name":"(anonymous_9)","line":44,"loc":{"start":{"line":44,"column":24},"end":{"line":44,"column":41}}},"10":{"name":"(anonymous_10)","line":50,"loc":{"start":{"line":50,"column":24},"end":{"line":50,"column":41}}},"11":{"name":"(anonymous_11)","line":58,"loc":{"start":{"line":58,"column":29},"end":{"line":58,"column":41}}},"12":{"name":"(anonymous_12)","line":61,"loc":{"start":{"line":61,"column":30},"end":{"line":61,"column":42}}},"13":{"name":"(anonymous_13)","line":65,"loc":{"start":{"line":65,"column":38},"end":{"line":65,"column":50}}},"14":{"name":"(anonymous_14)","line":71,"loc":{"start":{"line":71,"column":42},"end":{"line":71,"column":57}}}},"statementMap":{"1":{"start":{"line":2,"column":0},"end":{"line":2,"column":17}},"2":{"start":{"line":3,"column":0},"end":{"line":7,"column":71}},"3":{"start":{"line":4,"column":4},"end":{"line":4,"column":48}},"4":{"start":{"line":5,"column":4},"end":{"line":5,"column":50}},"5":{"start":{"line":6,"column":4},"end":{"line":6,"column":56}},"6":{"start":{"line":8,"column":0},"end":{"line":8,"column":18}},"7":{"start":{"line":9,"column":0},"end":{"line":13,"column":74}},"8":{"start":{"line":10,"column":4},"end":{"line":10,"column":50}},"9":{"start":{"line":11,"column":4},"end":{"line":11,"column":52}},"10":{"start":{"line":12,"column":4},"end":{"line":12,"column":58}},"11":{"start":{"line":14,"column":0},"end":{"line":75,"column":5}},"12":{"start":{"line":15,"column":4},"end":{"line":57,"column":5}},"13":{"start":{"line":16,"column":8},"end":{"line":16,"column":62}},"14":{"start":{"line":16,"column":39},"end":{"line":16,"column":60}},"15":{"start":{"line":17,"column":8},"end":{"line":17,"column":25}},"16":{"start":{"line":18,"column":8},"end":{"line":18,"column":41}},"17":{"start":{"line":19,"column":8},"end":{"line":35,"column":10}},"18":{"start":{"line":22,"column":20},"end":{"line":22,"column":39}},"19":{"start":{"line":27,"column":20},"end":{"line":27,"column":40}},"20":{"start":{"line":32,"column":20},"end":{"line":32,"column":47}},"21":{"start":{"line":36,"column":8},"end":{"line":54,"column":10}},"22":{"start":{"line":39,"column":20},"end":{"line":40,"column":40}},"23":{"start":{"line":40,"column":24},"end":{"line":40,"column":40}},"24":{"start":{"line":45,"column":20},"end":{"line":46,"column":40}},"25":{"start":{"line":46,"column":24},"end":{"line":46,"column":40}},"26":{"start":{"line":51,"column":20},"end":{"line":51,"column":47}},"27":{"start":{"line":55,"column":8},"end":{"line":55,"column":30}},"28":{"start":{"line":56,"column":8},"end":{"line":56,"column":34}},"29":{"start":{"line":58,"column":4},"end":{"line":60,"column":6}},"30":{"start":{"line":59,"column":8},"end":{"line":59,"column":39}},"31":{"start":{"line":61,"column":4},"end":{"line":64,"column":6}},"32":{"start":{"line":62,"column":8},"end":{"line":62,"column":33}},"33":{"start":{"line":63,"column":8},"end":{"line":63,"column":30}},"34":{"start":{"line":65,"column":4},"end":{"line":70,"column":6}},"35":{"start":{"line":66,"column":8},"end":{"line":69,"column":9}},"36":{"start":{"line":67,"column":12},"end":{"line":67,"column":29}},"37":{"start":{"line":68,"column":12},"end":{"line":68,"column":55}},"38":{"start":{"line":71,"column":4},"end":{"line":73,"column":6}},"39":{"start":{"line":72,"column":8},"end":{"line":72,"column":35}},"40":{"start":{"line":74,"column":4},"end":{"line":74,"column":18}},"41":{"start":{"line":76,"column":0},"end":{"line":76,"column":62}},"42":{"start":{"line":77,"column":0},"end":{"line":77,"column":25}}},"branchMap":{"1":{"line":7,"type":"binary-expr","locations":[{"start":{"line":7,"column":18},"end":{"line":7,"column":38}},{"start":{"line":7,"column":43},"end":{"line":7,"column":68}}]},"2":{"line":13,"type":"binary-expr","locations":[{"start":{"line":13,"column":19},"end":{"line":13,"column":40}},{"start":{"line":13,"column":45},"end":{"line":13,"column":71}}]},"3":{"line":16,"type":"if","locations":[{"start":{"line":16,"column":8},"end":{"line":16,"column":8}},{"start":{"line":16,"column":8},"end":{"line":16,"column":8}}]},"4":{"line":39,"type":"if","locations":[{"start":{"line":39,"column":20},"end":{"line":39,"column":20}},{"start":{"line":39,"column":20},"end":{"line":39,"column":20}}]},"5":{"line":45,"type":"if","locations":[{"start":{"line":45,"column":20},"end":{"line":45,"column":20}},{"start":{"line":45,"column":20},"end":{"line":45,"column":20}}]}}}}