TN:
SF:C:\Users\Lukas\Node\WhatMyBossThinksIDo\src\Toggle.js
FN:3,(anonymous_1)
FN:9,(anonymous_2)
FN:14,(anonymous_3)
FN:15,Toggle
FN:21,(anonymous_5)
FN:26,(anonymous_6)
FN:31,(anonymous_7)
FN:38,(anonymous_8)
FN:44,(anonymous_9)
FN:50,(anonymous_10)
FN:58,(anonymous_11)
FN:61,(anonymous_12)
FN:65,(anonymous_13)
FN:71,(anonymous_14)
FNF:14
FNH:14
FNDA:1,(anonymous_1)
FNDA:1,(anonymous_2)
FNDA:1,(anonymous_3)
FNDA:12,Toggle
FNDA:1,(anonymous_5)
FNDA:1,(anonymous_6)
FNDA:6,(anonymous_7)
FNDA:3,(anonymous_8)
FNDA:4,(anonymous_9)
FNDA:1,(anonymous_10)
FNDA:2,(anonymous_11)
FNDA:10,(anonymous_12)
FNDA:10,(anonymous_13)
FNDA:4,(anonymous_14)
DA:2,1
DA:3,1
DA:4,1
DA:5,1
DA:6,1
DA:8,1
DA:9,1
DA:10,1
DA:11,1
DA:12,1
DA:14,1
DA:15,1
DA:16,12
DA:17,12
DA:18,12
DA:19,12
DA:22,1
DA:27,1
DA:32,6
DA:36,12
DA:39,3
DA:40,2
DA:45,4
DA:46,2
DA:51,1
DA:55,12
DA:56,12
DA:58,1
DA:59,2
DA:61,1
DA:62,10
DA:63,10
DA:65,1
DA:66,10
DA:67,8
DA:68,8
DA:71,1
DA:72,4
DA:74,1
DA:76,1
DA:77,1
LF:41
LH:41
BRDA:7,1,0,1
BRDA:7,1,1,1
BRDA:13,2,0,1
BRDA:13,2,1,1
BRDA:16,3,0,10
BRDA:16,3,1,2
BRDA:39,4,0,2
BRDA:39,4,1,1
BRDA:45,5,0,2
BRDA:45,5,1,2
BRF:10
BRH:10
end_of_record
